<?xml version="1.0" encoding="UTF-8"?>
<!-- Generated by org.testng.reporters.JUnitReportReporter -->
<testsuite skipped="0" hostname="gnwrala2061894" name="com.massmutual.automation.excercise1.runner.TestRunner" tests="1" failures="0" timestamp="2021-12-19T11:48:59 EST" time="4.387" errors="0">
  <testcase name="runScenario" time="4.387" classname="com.massmutual.automation.excercise1.runner.TestRunner"/>
  <system-out>
Launced URL: https://www.exercise1.com/values [[[ChromeDriver: chrome on MAC (27d8a26423ebf2185888d2becda37a3a)] -> css selector: [id*='lbl_val']], [[ChromeDriver: chrome on MAC (27d8a26423ebf2185888d2becda37a3a)] -> css selector: [id*='lbl_val']], [[ChromeDriver: chrome on MAC (27d8a26423ebf2185888d2becda37a3a)] -> css selector: [id*='lbl_val']], [[ChromeDriver: chrome on MAC (27d8a26423ebf2185888d2becda37a3a)] -> css selector: [id*='lbl_val']], [[ChromeDriver: chrome on MAC (27d8a26423ebf2185888d2becda37a3a)] -> css selector: [id*='lbl_val']]] is visible [[[ChromeDriver: chrome on MAC (27d8a26423ebf2185888d2becda37a3a)] -> css selector: [id*='txt_val']], [[ChromeDriver: chrome on MAC (27d8a26423ebf2185888d2becda37a3a)] -> css selector: [id*='txt_val']], [[ChromeDriver: chrome on MAC (27d8a26423ebf2185888d2becda37a3a)] -> css selector: [id*='txt_val']], [[ChromeDriver: chrome on MAC (27d8a26423ebf2185888d2becda37a3a)] -> css selector: [id*='txt_val']], [[ChromeDriver: chrome on MAC (27d8a26423ebf2185888d2becda37a3a)] -> css selector: [id*='txt_val']]] is visible Closed Browser  </system-out>
</testsuite> <!-- com.massmutual.automation.excercise1.runner.TestRunner -->
